<?xml version="1.0" encoding="UTF-8"?>
<!-- Generated by org.testng.reporters.JUnitReportReporter -->
<testsuite hostname="SAURABH" failures="0" tests="1" name="amazontestpack.Verifysamsungm21" time="19.229" errors="0" timestamp="2022-09-16T08:29:51 IST" skipped="0">
  <testcase classname="amazontestpack.Verifysamsungm21" name="VerifyM21freedelivery" time="19.229"/>
  <system-out/>
</testsuite> <!-- amazontestpack.Verifysamsungm21 -->
