<?xml version="1.0" encoding="UTF-8"?>
<!-- Generated by org.testng.reporters.JUnitReportReporter -->
<testsuite hostname="SAURABH" failures="0" tests="1" name="amazontestpack.AmazonTestcase1" time="24.812" errors="0" timestamp="2022-09-13T10:15:32 IST" skipped="0">
  <testcase classname="amazontestpack.AmazonTestcase1" name="verifyFourGBvarientbutton" time="24.812"/>
  <system-out/>
</testsuite> <!-- amazontestpack.AmazonTestcase1 -->
