<?xml version="1.0" encoding="UTF-8"?>
<!-- Generated by org.testng.reporters.JUnitReportReporter -->
<testsuite hostname="SAURABH" failures="0" tests="1" name="amazontestpack.Verifyloginamazon" time="13.949" errors="0" timestamp="2022-09-14T11:02:11 IST" skipped="0">
  <testcase classname="amazontestpack.Verifyloginamazon" name="verifySignINFinal" time="13.949"/>
  <system-out/>
</testsuite> <!-- amazontestpack.Verifyloginamazon -->
