<?xml version="1.0" encoding="UTF-8"?>
<!-- Generated by org.testng.reporters.JUnitReportReporter -->
<testsuite hostname="SAURABH" failures="0" tests="2" name="temptestpack.TestNGfacebook" time="0.034" errors="0" timestamp="2022-09-07T08:32:38 IST" skipped="0">
  <testcase classname="temptestpack.TestNGfacebook" name="test123" time="0.025"/>
  <system-out/>
  <testcase classname="temptestpack.TestNGfacebook" name="test456" time="0.009"/>
  <system-out/>
</testsuite> <!-- temptestpack.TestNGfacebook -->
