<?xml version="1.0" encoding="UTF-8"?>
<!-- Generated by org.testng.reporters.JUnitReportReporter -->
<testsuite hostname="SAURABH" failures="0" tests="2" name="temptestpack.VerifysearchButtonOnDeveloperspage" time="100.461" errors="0" timestamp="2022-10-10T08:53:36 IST" skipped="0">
  <testcase classname="temptestpack.VerifysearchButtonOnDeveloperspage" name="verifyprivacyandpolicy" time="67.593"/>
  <system-out/>
  <testcase classname="temptestpack.VerifysearchButtonOnDeveloperspage" name="verifySearchButtonFunction" time="32.868"/>
  <system-out/>
</testsuite> <!-- temptestpack.VerifysearchButtonOnDeveloperspage -->
