<?xml version="1.0" encoding="UTF-8"?>
<!-- Generated by org.testng.reporters.JUnitReportReporter -->
<testsuite hostname="SAURABH" failures="0" tests="4" name="temptestpack.VerifyRoomspage" time="42.647" errors="0" timestamp="2022-09-21T10:59:14 IST" skipped="0">
  <testcase classname="temptestpack.VerifyRoomspage" name="verifyGoBackToMessangerButton" time="16.447"/>
  <system-out/>
  <testcase classname="temptestpack.VerifyRoomspage" name="verifyGoBackToMessangerButton" time="10.552"/>
  <system-out/>
  <testcase classname="temptestpack.VerifyRoomspage" name="verifyContactToHelpCenterButton" time="8.223"/>
  <system-out/>
  <testcase classname="temptestpack.VerifyRoomspage" name="verifyContactToHelpCenterButton" time="7.425"/>
  <system-out/>
</testsuite> <!-- temptestpack.VerifyRoomspage -->
