<?xml version="1.0" encoding="UTF-8"?>
<!-- Generated by org.testng.reporters.JUnitReportReporter -->
<testsuite hostname="SAURABH" failures="0" tests="4" name="temptestpack.VerifysearchButtonOnDeveloperspage" time="285.370" errors="0" timestamp="2022-09-26T16:55:07 IST" skipped="0">
  <testcase classname="temptestpack.VerifysearchButtonOnDeveloperspage" name="verifySearchButtonFunction" time="69.631"/>
  <system-out/>
  <testcase classname="temptestpack.VerifysearchButtonOnDeveloperspage" name="verifyprivacyandpolicy" time="30.467"/>
  <system-out/>
  <testcase classname="temptestpack.VerifysearchButtonOnDeveloperspage" name="verifyprivacyandpolicy" time="153.848"/>
  <system-out/>
  <testcase classname="temptestpack.VerifysearchButtonOnDeveloperspage" name="verifySearchButtonFunction" time="31.424"/>
  <system-out/>
</testsuite> <!-- temptestpack.VerifysearchButtonOnDeveloperspage -->
