<?xml version="1.0" encoding="UTF-8"?>
<!-- Generated by org.testng.reporters.JUnitReportReporter -->
<testsuite hostname="SAURABH" failures="0" tests="4" name="temptestpack.VerifyRoomspage" time="143.113" errors="0" timestamp="2022-09-26T16:55:07 IST" skipped="0">
  <testcase classname="temptestpack.VerifyRoomspage" name="verifyGoBackToMessangerButton" time="22.430"/>
  <system-out/>
  <testcase classname="temptestpack.VerifyRoomspage" name="verifyGoBackToMessangerButton" time="10.797"/>
  <system-out/>
  <testcase classname="temptestpack.VerifyRoomspage" name="verifyContactToHelpCenterButton" time="70.912"/>
  <system-out/>
  <testcase classname="temptestpack.VerifyRoomspage" name="verifyContactToHelpCenterButton" time="38.974"/>
  <system-out/>
</testsuite> <!-- temptestpack.VerifyRoomspage -->
