<?xml version="1.0" encoding="UTF-8"?>
<!-- Generated by org.testng.reporters.JUnitReportReporter -->
<testsuite hostname="SAURABH" failures="0" tests="4" name="temptestpack.VerifysearchButtonOnDeveloperspage" time="76.549" errors="0" timestamp="2022-09-21T10:59:14 IST" skipped="0">
  <testcase classname="temptestpack.VerifysearchButtonOnDeveloperspage" name="verifySearchButtonFunction" time="28.735"/>
  <system-out/>
  <testcase classname="temptestpack.VerifysearchButtonOnDeveloperspage" name="verifyprivacyandpolicy" time="14.437"/>
  <system-out/>
  <testcase classname="temptestpack.VerifysearchButtonOnDeveloperspage" name="verifySearchButtonFunction" time="15.686"/>
  <system-out/>
  <testcase classname="temptestpack.VerifysearchButtonOnDeveloperspage" name="verifyprivacyandpolicy" time="17.691"/>
  <system-out/>
</testsuite> <!-- temptestpack.VerifysearchButtonOnDeveloperspage -->
