<?xml version="1.0" encoding="UTF-8"?>
<!-- Generated by org.testng.reporters.JUnitReportReporter -->
<testsuite hostname="SAURABH" failures="0" tests="4" name="temptestpack.VerifyRoomspage" time="118.014" errors="0" timestamp="2022-10-10T09:33:39 IST" skipped="0">
  <testcase classname="temptestpack.VerifyRoomspage" name="verifyContactToHelpCenterButton" time="62.718"/>
  <system-out/>
  <testcase classname="temptestpack.VerifyRoomspage" name="verifyGoBackToMessangerButton" time="7.418"/>
  <system-out/>
  <testcase classname="temptestpack.VerifyRoomspage" name="verifyGoBackToMessangerButton" time="33.259"/>
  <system-out/>
  <testcase classname="temptestpack.VerifyRoomspage" name="verifyContactToHelpCenterButton" time="14.619"/>
  <system-out/>
</testsuite> <!-- temptestpack.VerifyRoomspage -->
