<?xml version="1.0" encoding="UTF-8"?>
<!-- Generated by org.testng.reporters.JUnitReportReporter -->
<testsuite hostname="SAURABH" failures="0" tests="1" name="temptestpack.VerifysearchButtonandPrivacypolicyONDeveloperspage" time="26.940" errors="0" timestamp="2022-09-08T10:36:50 IST" skipped="0">
  <testcase classname="temptestpack.VerifysearchButtonandPrivacypolicyONDeveloperspage" name="verifySearchButtonFunction" time="26.940"/>
  <system-out/>
</testsuite> <!-- temptestpack.VerifysearchButtonandPrivacypolicyONDeveloperspage -->
